csv path:  ./data/driving_log.csv
csv path:  ./data-2ndtrack/driving_log.csv
file:./data/IMG/center_2018_07_26_08_04_09_493.jpg will be augmented
train_size 19228
val_size 4807
Epoch 1/3

  1/150 [..............................] - ETA: 4:01 - loss: 0.0529
  2/150 [..............................] - ETA: 2:56 - loss: 0.0737
  3/150 [..............................] - ETA: 2:35 - loss: 0.0628
  4/150 [..............................] - ETA: 2:23 - loss: 0.0626
  5/150 [>.............................] - ETA: 2:16 - loss: 0.0647
  6/150 [>.............................] - ETA: 2:11 - loss: 0.0680
  7/150 [>.............................] - ETA: 2:07 - loss: 0.0663
  8/150 [>.............................] - ETA: 2:04 - loss: 0.0652
  9/150 [>.............................] - ETA: 2:02 - loss: 0.0635
 10/150 [=>............................] - ETA: 2:00 - loss: 0.0649
 11/150 [=>............................] - ETA: 1:58 - loss: 0.0656
 12/150 [=>............................] - ETA: 1:56 - loss: 0.0667
 13/150 [=>............................] - ETA: 1:55 - loss: 0.0652
 14/150 [=>............................] - ETA: 1:54 - loss: 0.0652
 15/150 [==>...........................] - ETA: 1:52 - loss: 0.0678
 16/150 [==>...........................] - ETA: 1:50 - loss: 0.0668
 17/150 [==>...........................] - ETA: 1:49 - loss: 0.0678
 18/150 [==>...........................] - ETA: 1:48 - loss: 0.0688
 19/150 [==>...........................] - ETA: 1:47 - loss: 0.0676
 20/150 [===>..........................] - ETA: 1:46 - loss: 0.0670
 21/150 [===>..........................] - ETA: 1:45 - loss: 0.0674
 22/150 [===>..........................] - ETA: 1:44 - loss: 0.0670
 23/150 [===>..........................] - ETA: 1:43 - loss: 0.0662
 24/150 [===>..........................] - ETA: 1:42 - loss: 0.0658
 25/150 [====>.........................] - ETA: 1:41 - loss: 0.0654
 26/150 [====>.........................] - ETA: 1:40 - loss: 0.0639
 27/150 [====>.........................] - ETA: 1:39 - loss: 0.0645
 28/150 [====>.........................] - ETA: 1:38 - loss: 0.0638
 29/150 [====>.........................] - ETA: 1:37 - loss: 0.0630
 30/150 [=====>........................] - ETA: 1:36 - loss: 0.0632
 31/150 [=====>........................] - ETA: 1:35 - loss: 0.0632
 32/150 [=====>........................] - ETA: 1:34 - loss: 0.0637
 33/150 [=====>........................] - ETA: 1:34 - loss: 0.0642
 34/150 [=====>........................] - ETA: 1:33 - loss: 0.0634
 35/150 [======>.......................] - ETA: 1:33 - loss: 0.0638
 36/150 [======>.......................] - ETA: 1:32 - loss: 0.0637
 37/150 [======>.......................] - ETA: 1:31 - loss: 0.0636
 38/150 [======>.......................] - ETA: 1:31 - loss: 0.0634
 39/150 [======>.......................] - ETA: 1:30 - loss: 0.0642
 40/150 [=======>......................] - ETA: 1:29 - loss: 0.0646
 41/150 [=======>......................] - ETA: 1:28 - loss: 0.0645
 42/150 [=======>......................] - ETA: 1:27 - loss: 0.0652
 43/150 [=======>......................] - ETA: 1:26 - loss: 0.0644
 44/150 [=======>......................] - ETA: 1:25 - loss: 0.0637
 45/150 [========>.....................] - ETA: 1:25 - loss: 0.0637
 46/150 [========>.....................] - ETA: 1:24 - loss: 0.0644
 47/150 [========>.....................] - ETA: 1:23 - loss: 0.0639
 48/150 [========>.....................] - ETA: 1:22 - loss: 0.0633
 49/150 [========>.....................] - ETA: 1:21 - loss: 0.0633
 50/150 [=========>....................] - ETA: 1:20 - loss: 0.0635
 51/150 [=========>....................] - ETA: 1:20 - loss: 0.0634
 52/150 [=========>....................] - ETA: 1:19 - loss: 0.0633
 53/150 [=========>....................] - ETA: 1:18 - loss: 0.0629
 54/150 [=========>....................] - ETA: 1:17 - loss: 0.0623
 55/150 [==========>...................] - ETA: 1:16 - loss: 0.0623
 56/150 [==========>...................] - ETA: 1:15 - loss: 0.0626
 57/150 [==========>...................] - ETA: 1:14 - loss: 0.0626
 58/150 [==========>...................] - ETA: 1:14 - loss: 0.0630
 59/150 [==========>...................] - ETA: 1:13 - loss: 0.0625
 60/150 [===========>..................] - ETA: 1:12 - loss: 0.0624
 61/150 [===========>..................] - ETA: 1:11 - loss: 0.0627
 62/150 [===========>..................] - ETA: 1:10 - loss: 0.0624
 63/150 [===========>..................] - ETA: 1:10 - loss: 0.0623
 64/150 [===========>..................] - ETA: 1:09 - loss: 0.0621
 65/150 [============>.................] - ETA: 1:08 - loss: 0.0625
 66/150 [============>.................] - ETA: 1:07 - loss: 0.0623
 67/150 [============>.................] - ETA: 1:06 - loss: 0.0630
 68/150 [============>.................] - ETA: 1:05 - loss: 0.0629
 69/150 [============>.................] - ETA: 1:05 - loss: 0.0627
 70/150 [=============>................] - ETA: 1:04 - loss: 0.0621
 71/150 [=============>................] - ETA: 1:03 - loss: 0.0620
 72/150 [=============>................] - ETA: 1:02 - loss: 0.0621
 73/150 [=============>................] - ETA: 1:01 - loss: 0.0618
 74/150 [=============>................] - ETA: 1:01 - loss: 0.0616
 75/150 [==============>...............] - ETA: 1:00 - loss: 0.0614
 76/150 [==============>...............] - ETA: 59s - loss: 0.0613 
 77/150 [==============>...............] - ETA: 58s - loss: 0.0616
 78/150 [==============>...............] - ETA: 57s - loss: 0.0616
 79/150 [==============>...............] - ETA: 56s - loss: 0.0615
 80/150 [===============>..............] - ETA: 56s - loss: 0.0613
 81/150 [===============>..............] - ETA: 55s - loss: 0.0610
 82/150 [===============>..............] - ETA: 54s - loss: 0.0610
 83/150 [===============>..............] - ETA: 53s - loss: 0.0611
 84/150 [===============>..............] - ETA: 52s - loss: 0.0609
 85/150 [================>.............] - ETA: 52s - loss: 0.0606
 86/150 [================>.............] - ETA: 51s - loss: 0.0604
 87/150 [================>.............] - ETA: 50s - loss: 0.0602
 88/150 [================>.............] - ETA: 49s - loss: 0.0602
 89/150 [================>.............] - ETA: 48s - loss: 0.0602
 90/150 [=================>............] - ETA: 47s - loss: 0.0601
 91/150 [=================>............] - ETA: 47s - loss: 0.0602
 92/150 [=================>............] - ETA: 46s - loss: 0.0600
 93/150 [=================>............] - ETA: 45s - loss: 0.0603
 94/150 [=================>............] - ETA: 45s - loss: 0.0603
 95/150 [==================>...........] - ETA: 44s - loss: 0.0603
 96/150 [==================>...........] - ETA: 43s - loss: 0.0601
 97/150 [==================>...........] - ETA: 42s - loss: 0.0601
 98/150 [==================>...........] - ETA: 41s - loss: 0.0603
 99/150 [==================>...........] - ETA: 41s - loss: 0.0603
100/150 [===================>..........] - ETA: 40s - loss: 0.0600
101/150 [===================>..........] - ETA: 39s - loss: 0.0600
102/150 [===================>..........] - ETA: 38s - loss: 0.0603
103/150 [===================>..........] - ETA: 37s - loss: 0.0603
104/150 [===================>..........] - ETA: 36s - loss: 0.0604
105/150 [====================>.........] - ETA: 36s - loss: 0.0603
106/150 [====================>.........] - ETA: 35s - loss: 0.0604
107/150 [====================>.........] - ETA: 34s - loss: 0.0604
108/150 [====================>.........] - ETA: 33s - loss: 0.0603
109/150 [====================>.........] - ETA: 32s - loss: 0.0601
110/150 [=====================>........] - ETA: 32s - loss: 0.0599
111/150 [=====================>........] - ETA: 31s - loss: 0.0598
112/150 [=====================>........] - ETA: 30s - loss: 0.0598
113/150 [=====================>........] - ETA: 29s - loss: 0.0599
114/150 [=====================>........] - ETA: 28s - loss: 0.0599
115/150 [======================>.......] - ETA: 28s - loss: 0.0597
116/150 [======================>.......] - ETA: 27s - loss: 0.0597
117/150 [======================>.......] - ETA: 26s - loss: 0.0596
118/150 [======================>.......] - ETA: 25s - loss: 0.0594
119/150 [======================>.......] - ETA: 24s - loss: 0.0594
120/150 [=======================>......] - ETA: 24s - loss: 0.0596
121/150 [=======================>......] - ETA: 23s - loss: 0.0596
122/150 [=======================>......] - ETA: 22s - loss: 0.0598
123/150 [=======================>......] - ETA: 21s - loss: 0.0598
124/150 [=======================>......] - ETA: 20s - loss: 0.0599
125/150 [========================>.....] - ETA: 20s - loss: 0.0598
126/150 [========================>.....] - ETA: 19s - loss: 0.0599
127/150 [========================>.....] - ETA: 18s - loss: 0.0598
128/150 [========================>.....] - ETA: 17s - loss: 0.0599
129/150 [========================>.....] - ETA: 16s - loss: 0.0598
130/150 [=========================>....] - ETA: 16s - loss: 0.0596
131/150 [=========================>....] - ETA: 15s - loss: 0.0597
132/150 [=========================>....] - ETA: 14s - loss: 0.0596
133/150 [=========================>....] - ETA: 13s - loss: 0.0599
134/150 [=========================>....] - ETA: 12s - loss: 0.0598
135/150 [==========================>...] - ETA: 12s - loss: 0.0598
136/150 [==========================>...] - ETA: 11s - loss: 0.0599
137/150 [==========================>...] - ETA: 10s - loss: 0.0599
138/150 [==========================>...] - ETA: 9s - loss: 0.0598 
139/150 [==========================>...] - ETA: 8s - loss: 0.0598
140/150 [===========================>..] - ETA: 8s - loss: 0.0597
141/150 [===========================>..] - ETA: 7s - loss: 0.0597
142/150 [===========================>..] - ETA: 6s - loss: 0.0596
143/150 [===========================>..] - ETA: 5s - loss: 0.0596
144/150 [===========================>..] - ETA: 4s - loss: 0.0597
145/150 [============================>.] - ETA: 4s - loss: 0.0597
146/150 [============================>.] - ETA: 3s - loss: 0.0596
147/150 [============================>.] - ETA: 2s - loss: 0.0595
148/150 [============================>.] - ETA: 1s - loss: 0.0594
149/150 [============================>.] - ETA: 0s - loss: 0.0593
150/150 [==============================] - 135s 898ms/step - loss: 0.0592 - val_loss: 0.0481
Epoch 2/3

  1/150 [..............................] - ETA: 1:53 - loss: 0.0765
  2/150 [..............................] - ETA: 1:53 - loss: 0.0701
  3/150 [..............................] - ETA: 1:53 - loss: 0.0557
  4/150 [..............................] - ETA: 1:52 - loss: 0.0565
  5/150 [>.............................] - ETA: 1:51 - loss: 0.0582
  6/150 [>.............................] - ETA: 1:50 - loss: 0.0579
  7/150 [>.............................] - ETA: 1:50 - loss: 0.0551
  8/150 [>.............................] - ETA: 1:49 - loss: 0.0537
  9/150 [>.............................] - ETA: 1:48 - loss: 0.0536
 10/150 [=>............................] - ETA: 1:47 - loss: 0.0529
 11/150 [=>............................] - ETA: 1:47 - loss: 0.0519
 12/150 [=>............................] - ETA: 1:46 - loss: 0.0517
 13/150 [=>............................] - ETA: 1:45 - loss: 0.0509
 14/150 [=>............................] - ETA: 1:45 - loss: 0.0518
 15/150 [==>...........................] - ETA: 1:44 - loss: 0.0515
 16/150 [==>...........................] - ETA: 1:43 - loss: 0.0522
 17/150 [==>...........................] - ETA: 1:42 - loss: 0.0514
 18/150 [==>...........................] - ETA: 1:41 - loss: 0.0509
 19/150 [==>...........................] - ETA: 1:41 - loss: 0.0522
 20/150 [===>..........................] - ETA: 1:40 - loss: 0.0529
 21/150 [===>..........................] - ETA: 1:39 - loss: 0.0523
 22/150 [===>..........................] - ETA: 1:38 - loss: 0.0514
 23/150 [===>..........................] - ETA: 1:37 - loss: 0.0511
 24/150 [===>..........................] - ETA: 1:37 - loss: 0.0508
 25/150 [====>.........................] - ETA: 1:36 - loss: 0.0504
 26/150 [====>.........................] - ETA: 1:35 - loss: 0.0507
 27/150 [====>.........................] - ETA: 1:34 - loss: 0.0499
 28/150 [====>.........................] - ETA: 1:33 - loss: 0.0495
 29/150 [====>.........................] - ETA: 1:33 - loss: 0.0487
 30/150 [=====>........................] - ETA: 1:32 - loss: 0.0483
 31/150 [=====>........................] - ETA: 1:31 - loss: 0.0484
 32/150 [=====>........................] - ETA: 1:30 - loss: 0.0483
 33/150 [=====>........................] - ETA: 1:30 - loss: 0.0484
 34/150 [=====>........................] - ETA: 1:29 - loss: 0.0487
 35/150 [======>.......................] - ETA: 1:28 - loss: 0.0481
 36/150 [======>.......................] - ETA: 1:27 - loss: 0.0479
 37/150 [======>.......................] - ETA: 1:26 - loss: 0.0476
 38/150 [======>.......................] - ETA: 1:26 - loss: 0.0481
 39/150 [======>.......................] - ETA: 1:25 - loss: 0.0491
 40/150 [=======>......................] - ETA: 1:24 - loss: 0.0495
 41/150 [=======>......................] - ETA: 1:23 - loss: 0.0491
 42/150 [=======>......................] - ETA: 1:23 - loss: 0.0487
 43/150 [=======>......................] - ETA: 1:22 - loss: 0.0487
 44/150 [=======>......................] - ETA: 1:21 - loss: 0.0485
 45/150 [========>.....................] - ETA: 1:20 - loss: 0.0486
 46/150 [========>.....................] - ETA: 1:20 - loss: 0.0484
 47/150 [========>.....................] - ETA: 1:19 - loss: 0.0485
 48/150 [========>.....................] - ETA: 1:18 - loss: 0.0480
 49/150 [========>.....................] - ETA: 1:17 - loss: 0.0478
 50/150 [=========>....................] - ETA: 1:16 - loss: 0.0483
 51/150 [=========>....................] - ETA: 1:16 - loss: 0.0483
 52/150 [=========>....................] - ETA: 1:15 - loss: 0.0489
 53/150 [=========>....................] - ETA: 1:14 - loss: 0.0488
 54/150 [=========>....................] - ETA: 1:13 - loss: 0.0485
 55/150 [==========>...................] - ETA: 1:13 - loss: 0.0483
 56/150 [==========>...................] - ETA: 1:12 - loss: 0.0484
 57/150 [==========>...................] - ETA: 1:11 - loss: 0.0482
 58/150 [==========>...................] - ETA: 1:10 - loss: 0.0489
 59/150 [==========>...................] - ETA: 1:10 - loss: 0.0485
 60/150 [===========>..................] - ETA: 1:09 - loss: 0.0489
 61/150 [===========>..................] - ETA: 1:08 - loss: 0.0488
 62/150 [===========>..................] - ETA: 1:08 - loss: 0.0490
 63/150 [===========>..................] - ETA: 1:07 - loss: 0.0490
 64/150 [===========>..................] - ETA: 1:06 - loss: 0.0491
 65/150 [============>.................] - ETA: 1:05 - loss: 0.0493
 66/150 [============>.................] - ETA: 1:05 - loss: 0.0492
 67/150 [============>.................] - ETA: 1:04 - loss: 0.0499
 68/150 [============>.................] - ETA: 1:03 - loss: 0.0499
 69/150 [============>.................] - ETA: 1:03 - loss: 0.0498
 70/150 [=============>................] - ETA: 1:02 - loss: 0.0499
 71/150 [=============>................] - ETA: 1:01 - loss: 0.0499
 72/150 [=============>................] - ETA: 1:00 - loss: 0.0500
 73/150 [=============>................] - ETA: 1:00 - loss: 0.0499
 74/150 [=============>................] - ETA: 59s - loss: 0.0502 
 75/150 [==============>...............] - ETA: 58s - loss: 0.0499
 76/150 [==============>...............] - ETA: 57s - loss: 0.0498
 77/150 [==============>...............] - ETA: 56s - loss: 0.0499
 78/150 [==============>...............] - ETA: 56s - loss: 0.0497
 79/150 [==============>...............] - ETA: 55s - loss: 0.0498
 80/150 [===============>..............] - ETA: 54s - loss: 0.0499
 81/150 [===============>..............] - ETA: 53s - loss: 0.0498
 82/150 [===============>..............] - ETA: 53s - loss: 0.0502
 83/150 [===============>..............] - ETA: 52s - loss: 0.0506
 84/150 [===============>..............] - ETA: 51s - loss: 0.0507
 85/150 [================>.............] - ETA: 50s - loss: 0.0508
 86/150 [================>.............] - ETA: 50s - loss: 0.0509
 87/150 [================>.............] - ETA: 49s - loss: 0.0509
 88/150 [================>.............] - ETA: 48s - loss: 0.0507
 89/150 [================>.............] - ETA: 47s - loss: 0.0506
 90/150 [=================>............] - ETA: 47s - loss: 0.0508
 91/150 [=================>............] - ETA: 46s - loss: 0.0508
 92/150 [=================>............] - ETA: 45s - loss: 0.0507
 93/150 [=================>............] - ETA: 44s - loss: 0.0506
 94/150 [=================>............] - ETA: 44s - loss: 0.0505
 95/150 [==================>...........] - ETA: 43s - loss: 0.0506
 96/150 [==================>...........] - ETA: 42s - loss: 0.0506
 97/150 [==================>...........] - ETA: 41s - loss: 0.0507
 98/150 [==================>...........] - ETA: 41s - loss: 0.0509
 99/150 [==================>...........] - ETA: 40s - loss: 0.0511
100/150 [===================>..........] - ETA: 39s - loss: 0.0508
101/150 [===================>..........] - ETA: 38s - loss: 0.0508
102/150 [===================>..........] - ETA: 37s - loss: 0.0511
103/150 [===================>..........] - ETA: 37s - loss: 0.0512
104/150 [===================>..........] - ETA: 36s - loss: 0.0511
105/150 [====================>.........] - ETA: 35s - loss: 0.0512
106/150 [====================>.........] - ETA: 34s - loss: 0.0514
107/150 [====================>.........] - ETA: 34s - loss: 0.0514
108/150 [====================>.........] - ETA: 33s - loss: 0.0517
109/150 [====================>.........] - ETA: 32s - loss: 0.0515
110/150 [=====================>........] - ETA: 31s - loss: 0.0515
111/150 [=====================>........] - ETA: 30s - loss: 0.0515
112/150 [=====================>........] - ETA: 30s - loss: 0.0515
113/150 [=====================>........] - ETA: 29s - loss: 0.0515
114/150 [=====================>........] - ETA: 28s - loss: 0.0513
115/150 [======================>.......] - ETA: 27s - loss: 0.0513
116/150 [======================>.......] - ETA: 26s - loss: 0.0513
117/150 [======================>.......] - ETA: 26s - loss: 0.0514
118/150 [======================>.......] - ETA: 25s - loss: 0.0513
119/150 [======================>.......] - ETA: 24s - loss: 0.0514
120/150 [=======================>......] - ETA: 23s - loss: 0.0515
121/150 [=======================>......] - ETA: 23s - loss: 0.0516
122/150 [=======================>......] - ETA: 22s - loss: 0.0515
123/150 [=======================>......] - ETA: 21s - loss: 0.0516
124/150 [=======================>......] - ETA: 20s - loss: 0.0514
125/150 [========================>.....] - ETA: 19s - loss: 0.0514
126/150 [========================>.....] - ETA: 19s - loss: 0.0515
127/150 [========================>.....] - ETA: 18s - loss: 0.0515
128/150 [========================>.....] - ETA: 17s - loss: 0.0516
129/150 [========================>.....] - ETA: 16s - loss: 0.0517
130/150 [=========================>....] - ETA: 15s - loss: 0.0516
131/150 [=========================>....] - ETA: 15s - loss: 0.0517
132/150 [=========================>....] - ETA: 14s - loss: 0.0518
133/150 [=========================>....] - ETA: 13s - loss: 0.0520
134/150 [=========================>....] - ETA: 12s - loss: 0.0520
135/150 [==========================>...] - ETA: 11s - loss: 0.0520
136/150 [==========================>...] - ETA: 11s - loss: 0.0518
137/150 [==========================>...] - ETA: 10s - loss: 0.0518
138/150 [==========================>...] - ETA: 9s - loss: 0.0518 
139/150 [==========================>...] - ETA: 8s - loss: 0.0521
140/150 [===========================>..] - ETA: 7s - loss: 0.0519
141/150 [===========================>..] - ETA: 7s - loss: 0.0520
142/150 [===========================>..] - ETA: 6s - loss: 0.0521
143/150 [===========================>..] - ETA: 5s - loss: 0.0519
144/150 [===========================>..] - ETA: 4s - loss: 0.0519
145/150 [============================>.] - ETA: 3s - loss: 0.0519
146/150 [============================>.] - ETA: 3s - loss: 0.0521
147/150 [============================>.] - ETA: 2s - loss: 0.0521
148/150 [============================>.] - ETA: 1s - loss: 0.0520
149/150 [============================>.] - ETA: 0s - loss: 0.0521
150/150 [==============================] - 134s 891ms/step - loss: 0.0521 - val_loss: 0.0438
Epoch 3/3

  1/150 [..............................] - ETA: 1:51 - loss: 0.0571
  2/150 [..............................] - ETA: 1:52 - loss: 0.0461
  3/150 [..............................] - ETA: 1:52 - loss: 0.0468
  4/150 [..............................] - ETA: 1:51 - loss: 0.0527
  5/150 [>.............................] - ETA: 1:51 - loss: 0.0538
  6/150 [>.............................] - ETA: 1:50 - loss: 0.0559
  7/150 [>.............................] - ETA: 1:49 - loss: 0.0543
  8/150 [>.............................] - ETA: 1:48 - loss: 0.0560
  9/150 [>.............................] - ETA: 1:48 - loss: 0.0543
 10/150 [=>............................] - ETA: 1:47 - loss: 0.0537
 11/150 [=>............................] - ETA: 1:46 - loss: 0.0524
 12/150 [=>............................] - ETA: 1:45 - loss: 0.0513
 13/150 [=>............................] - ETA: 1:45 - loss: 0.0538
 14/150 [=>............................] - ETA: 1:44 - loss: 0.0529
 15/150 [==>...........................] - ETA: 1:43 - loss: 0.0511
 16/150 [==>...........................] - ETA: 1:42 - loss: 0.0500
 17/150 [==>...........................] - ETA: 1:41 - loss: 0.0489
 18/150 [==>...........................] - ETA: 1:41 - loss: 0.0494
 19/150 [==>...........................] - ETA: 1:40 - loss: 0.0490
 20/150 [===>..........................] - ETA: 1:39 - loss: 0.0482
 21/150 [===>..........................] - ETA: 1:38 - loss: 0.0474
 22/150 [===>..........................] - ETA: 1:37 - loss: 0.0478
 23/150 [===>..........................] - ETA: 1:37 - loss: 0.0469
 24/150 [===>..........................] - ETA: 1:36 - loss: 0.0470
 25/150 [====>.........................] - ETA: 1:35 - loss: 0.0470
 26/150 [====>.........................] - ETA: 1:35 - loss: 0.0469
 27/150 [====>.........................] - ETA: 1:34 - loss: 0.0476
 28/150 [====>.........................] - ETA: 1:33 - loss: 0.0472
 29/150 [====>.........................] - ETA: 1:33 - loss: 0.0474
 30/150 [=====>........................] - ETA: 1:32 - loss: 0.0472
 31/150 [=====>........................] - ETA: 1:31 - loss: 0.0475
 32/150 [=====>........................] - ETA: 1:30 - loss: 0.0468
 33/150 [=====>........................] - ETA: 1:30 - loss: 0.0466
 34/150 [=====>........................] - ETA: 1:29 - loss: 0.0464
 35/150 [======>.......................] - ETA: 1:28 - loss: 0.0465
 36/150 [======>.......................] - ETA: 1:27 - loss: 0.0463
 37/150 [======>.......................] - ETA: 1:27 - loss: 0.0467
 38/150 [======>.......................] - ETA: 1:26 - loss: 0.0472
 39/150 [======>.......................] - ETA: 1:25 - loss: 0.0466
 40/150 [=======>......................] - ETA: 1:24 - loss: 0.0461
 41/150 [=======>......................] - ETA: 1:23 - loss: 0.0458
 42/150 [=======>......................] - ETA: 1:23 - loss: 0.0460
 43/150 [=======>......................] - ETA: 1:22 - loss: 0.0462
 44/150 [=======>......................] - ETA: 1:21 - loss: 0.0458
 45/150 [========>.....................] - ETA: 1:20 - loss: 0.0456
 46/150 [========>.....................] - ETA: 1:20 - loss: 0.0454
 47/150 [========>.....................] - ETA: 1:19 - loss: 0.0452
 48/150 [========>.....................] - ETA: 1:18 - loss: 0.0455
 49/150 [========>.....................] - ETA: 1:17 - loss: 0.0455
 50/150 [=========>....................] - ETA: 1:16 - loss: 0.0451
 51/150 [=========>....................] - ETA: 1:16 - loss: 0.0451
 52/150 [=========>....................] - ETA: 1:15 - loss: 0.0446
 53/150 [=========>....................] - ETA: 1:14 - loss: 0.0448
 54/150 [=========>....................] - ETA: 1:13 - loss: 0.0453
 55/150 [==========>...................] - ETA: 1:13 - loss: 0.0458
 56/150 [==========>...................] - ETA: 1:12 - loss: 0.0456
 57/150 [==========>...................] - ETA: 1:11 - loss: 0.0459
 58/150 [==========>...................] - ETA: 1:10 - loss: 0.0458
 59/150 [==========>...................] - ETA: 1:10 - loss: 0.0462
 60/150 [===========>..................] - ETA: 1:09 - loss: 0.0462
 61/150 [===========>..................] - ETA: 1:08 - loss: 0.0461
 62/150 [===========>..................] - ETA: 1:07 - loss: 0.0460
 63/150 [===========>..................] - ETA: 1:07 - loss: 0.0457
 64/150 [===========>..................] - ETA: 1:06 - loss: 0.0456
 65/150 [============>.................] - ETA: 1:05 - loss: 0.0459
 66/150 [============>.................] - ETA: 1:04 - loss: 0.0458
 67/150 [============>.................] - ETA: 1:03 - loss: 0.0460
 68/150 [============>.................] - ETA: 1:03 - loss: 0.0459
 69/150 [============>.................] - ETA: 1:02 - loss: 0.0460
 70/150 [=============>................] - ETA: 1:01 - loss: 0.0460
 71/150 [=============>................] - ETA: 1:00 - loss: 0.0457
 72/150 [=============>................] - ETA: 1:00 - loss: 0.0456
 73/150 [=============>................] - ETA: 59s - loss: 0.0460 
 74/150 [=============>................] - ETA: 58s - loss: 0.0461
 75/150 [==============>...............] - ETA: 57s - loss: 0.0465
 76/150 [==============>...............] - ETA: 56s - loss: 0.0466
 77/150 [==============>...............] - ETA: 56s - loss: 0.0464
 78/150 [==============>...............] - ETA: 55s - loss: 0.0463
 79/150 [==============>...............] - ETA: 54s - loss: 0.0463
 80/150 [===============>..............] - ETA: 53s - loss: 0.0467
 81/150 [===============>..............] - ETA: 53s - loss: 0.0470
 82/150 [===============>..............] - ETA: 52s - loss: 0.0469
 83/150 [===============>..............] - ETA: 51s - loss: 0.0466
 84/150 [===============>..............] - ETA: 50s - loss: 0.0464
 85/150 [================>.............] - ETA: 50s - loss: 0.0463
 86/150 [================>.............] - ETA: 49s - loss: 0.0462
 87/150 [================>.............] - ETA: 48s - loss: 0.0460
 88/150 [================>.............] - ETA: 47s - loss: 0.0457
 89/150 [================>.............] - ETA: 46s - loss: 0.0454
 90/150 [=================>............] - ETA: 46s - loss: 0.0453
 91/150 [=================>............] - ETA: 45s - loss: 0.0452
 92/150 [=================>............] - ETA: 44s - loss: 0.0453
 93/150 [=================>............] - ETA: 43s - loss: 0.0451
 94/150 [=================>............] - ETA: 43s - loss: 0.0453
 95/150 [==================>...........] - ETA: 42s - loss: 0.0455
 96/150 [==================>...........] - ETA: 41s - loss: 0.0454
 97/150 [==================>...........] - ETA: 40s - loss: 0.0453
 98/150 [==================>...........] - ETA: 40s - loss: 0.0452
 99/150 [==================>...........] - ETA: 39s - loss: 0.0452
100/150 [===================>..........] - ETA: 38s - loss: 0.0450
101/150 [===================>..........] - ETA: 37s - loss: 0.0449
102/150 [===================>..........] - ETA: 37s - loss: 0.0449
103/150 [===================>..........] - ETA: 36s - loss: 0.0451
104/150 [===================>..........] - ETA: 35s - loss: 0.0450
105/150 [====================>.........] - ETA: 34s - loss: 0.0449
106/150 [====================>.........] - ETA: 34s - loss: 0.0451
107/150 [====================>.........] - ETA: 33s - loss: 0.0448
108/150 [====================>.........] - ETA: 32s - loss: 0.0448
109/150 [====================>.........] - ETA: 31s - loss: 0.0449
110/150 [=====================>........] - ETA: 30s - loss: 0.0450
111/150 [=====================>........] - ETA: 30s - loss: 0.0454
112/150 [=====================>........] - ETA: 29s - loss: 0.0453
113/150 [=====================>........] - ETA: 28s - loss: 0.0452
114/150 [=====================>........] - ETA: 27s - loss: 0.0452
115/150 [======================>.......] - ETA: 27s - loss: 0.0453
116/150 [======================>.......] - ETA: 26s - loss: 0.0453
117/150 [======================>.......] - ETA: 25s - loss: 0.0451
118/150 [======================>.......] - ETA: 24s - loss: 0.0453
119/150 [======================>.......] - ETA: 24s - loss: 0.0452
120/150 [=======================>......] - ETA: 23s - loss: 0.0452
121/150 [=======================>......] - ETA: 22s - loss: 0.0451
122/150 [=======================>......] - ETA: 21s - loss: 0.0450
123/150 [=======================>......] - ETA: 20s - loss: 0.0451
124/150 [=======================>......] - ETA: 20s - loss: 0.0451
125/150 [========================>.....] - ETA: 19s - loss: 0.0452
126/150 [========================>.....] - ETA: 18s - loss: 0.0452
127/150 [========================>.....] - ETA: 17s - loss: 0.0450
128/150 [========================>.....] - ETA: 17s - loss: 0.0451
129/150 [========================>.....] - ETA: 16s - loss: 0.0450
130/150 [=========================>....] - ETA: 15s - loss: 0.0451
131/150 [=========================>....] - ETA: 14s - loss: 0.0449
132/150 [=========================>....] - ETA: 13s - loss: 0.0449
133/150 [=========================>....] - ETA: 13s - loss: 0.0449
134/150 [=========================>....] - ETA: 12s - loss: 0.0451
135/150 [==========================>...] - ETA: 11s - loss: 0.0452
136/150 [==========================>...] - ETA: 10s - loss: 0.0452
137/150 [==========================>...] - ETA: 10s - loss: 0.0452
138/150 [==========================>...] - ETA: 9s - loss: 0.0451 
139/150 [==========================>...] - ETA: 8s - loss: 0.0450
140/150 [===========================>..] - ETA: 7s - loss: 0.0452
141/150 [===========================>..] - ETA: 6s - loss: 0.0453
142/150 [===========================>..] - ETA: 6s - loss: 0.0454
143/150 [===========================>..] - ETA: 5s - loss: 0.0456
144/150 [===========================>..] - ETA: 4s - loss: 0.0455
145/150 [============================>.] - ETA: 3s - loss: 0.0455
146/150 [============================>.] - ETA: 3s - loss: 0.0454
147/150 [============================>.] - ETA: 2s - loss: 0.0454
148/150 [============================>.] - ETA: 1s - loss: 0.0454
149/150 [============================>.] - ETA: 0s - loss: 0.0453
150/150 [==============================] - 131s 871ms/step - loss: 0.0452 - val_loss: 0.0417
_________________________________________________________________
Layer (type)                 Output Shape              Param #   
=================================================================
cropping2d_1 (Cropping2D)    (None, 65, 320, 3)        0         
_________________________________________________________________
lambda_1 (Lambda)            (None, 65, 320, 3)        0         
_________________________________________________________________
conv2d_1 (Conv2D)            (None, 31, 158, 24)       1824      
_________________________________________________________________
conv2d_2 (Conv2D)            (None, 14, 77, 36)        21636     
_________________________________________________________________
conv2d_3 (Conv2D)            (None, 5, 37, 48)         43248     
_________________________________________________________________
conv2d_4 (Conv2D)            (None, 3, 35, 64)         27712     
_________________________________________________________________
conv2d_5 (Conv2D)            (None, 1, 33, 64)         36928     
_________________________________________________________________
flatten_1 (Flatten)          (None, 2112)              0         
_________________________________________________________________
dense_1 (Dense)              (None, 100)               211300    
_________________________________________________________________
dropout_1 (Dropout)          (None, 100)               0         
_________________________________________________________________
dense_2 (Dense)              (None, 50)                5050      
_________________________________________________________________
dropout_2 (Dropout)          (None, 50)                0         
_________________________________________________________________
dense_3 (Dense)              (None, 10)                510       
_________________________________________________________________
dropout_3 (Dropout)          (None, 10)                0         
_________________________________________________________________
dense_4 (Dense)              (None, 1)                 11        
=================================================================
Total params: 348,219
Trainable params: 348,219
Non-trainable params: 0
_________________________________________________________________
None
